     Assembly listing for: Ex4_1.mas
                Assembled: Thu Oct 20 10:16:34 EDT 2016

         |         ORG 100          / Example 4.1 
100 1113 |         LOAD Addr        /Load address of first number to be added		
101 2114 |         STORE Next       /Store this address is our Next pointer		
102 1115 |         LOAD Num         /Load the number of items to be added		
103 4118 |         SUBT One         /Decrement 		
104 2117 |         STORE Ctr        /Store this value in Ctr to control looping		
105 1116 |  Loop   LOAD Sum         /Load the Sum into AC		
106 B114 |         ADDI Next        /Add the value pointed to by location Next		
107 2116 |         STORE Sum        /Store this sum		
108 1114 |         LOAD Next        /Load Next		
109 3118 |         ADD One          /Increment by one to point to next address		
10A 2114 |         STORE Next       /Store in our pointer Next		
10B 1117 |         LOAD Ctr         /Load the loop control variable		
10C 4118 |         SUBT One         /Subtract one from the loop control variable		
10D 2117 |         STORE Ctr        /Store this new value in loop control variable		
10E 8000 |         SKIPCOND 000     /If control variable < 0, skip next instruction		
10F 9105 |         JUMP Loop        /Otherwise, go to Loop	
110 1116 |         LOAD Sum          
111 6000 |         OUTPUT            
         |                          	
112 7000 |         HALT             /Terminate program		
113 0119 |  Addr   HEX 119          /Numbers to be summed start at location 118		
114 0000 |  Next   HEX 0            /A pointer to the next number to add		
115 0005 |  Num    DEC 5            /The number of values to add 		
116 0000 |  Sum    DEC 0            /The sum		
117 0000 |  Ctr    HEX 0            /The loop control variable		
118 0001 |  One    DEC 1            /Used to increment and decrement by 1		
119 000A |         DEC 10           /The values to be added together		
11A 000F |         DEC 15            
11B 0014 |         DEC 20            
11C 0019 |         DEC 25            
11D 001E |         DEC 30            

Assembly successful.

         SYMBOL TABLE
         --------------------------------------------------
          Symbol | Defined | References 
         --------+---------+-------------------------------
          Addr   |   113   | 100
          Ctr    |   117   | 104, 10B, 10D
          Loop   |   105   | 10F
          Next   |   114   | 101, 106, 108, 10A
          Num    |   115   | 102
          One    |   118   | 103, 109, 10C
          Sum    |   116   | 105, 107, 110
         --------------------------------------------------

