[27-Nov-2017 01:04:51 UTC] PHP Warning:  Invalid argument supplied for foreach() in /home/ubuntu/workspace/project/CS372GroupProject/admin.php on line 16
[27-Nov-2017 01:04:51 UTC] PHP Stack trace:
[27-Nov-2017 01:04:51 UTC] PHP   1. {main}() /home/ubuntu/workspace/project/CS372GroupProject/admin.php:0
[27-Nov-2017 02:09:03 UTC] PHP Warning:  Invalid argument supplied for foreach() in /home/ubuntu/workspace/project/CS372GroupProject/admin.php on line 37
[27-Nov-2017 02:09:03 UTC] PHP Stack trace:
[27-Nov-2017 02:09:03 UTC] PHP   1. {main}() /home/ubuntu/workspace/project/CS372GroupProject/admin.php:0
[27-Nov-2017 02:11:00 UTC] PHP Warning:  Invalid argument supplied for foreach() in /home/ubuntu/workspace/project/CS372GroupProject/admin.php on line 37
[27-Nov-2017 02:11:00 UTC] PHP Stack trace:
[27-Nov-2017 02:11:00 UTC] PHP   1. {main}() /home/ubuntu/workspace/project/CS372GroupProject/admin.php:0
[30-Nov-2017 19:55:19 UTC] PHP Warning:  Error while sending QUERY packet. PID=27398 in /home/ubuntu/workspace/project/CS372GroupProject/admin.php on line 77
[30-Nov-2017 19:55:19 UTC] PHP Stack trace:
[30-Nov-2017 19:55:19 UTC] PHP   1. {main}() /home/ubuntu/workspace/project/CS372GroupProject/admin.php:0
[30-Nov-2017 19:55:19 UTC] PHP   2. mysqli->query(*uninitialized*) /home/ubuntu/workspace/project/CS372GroupProject/admin.php:77
[30-Nov-2017 20:23:25 UTC] PHP Warning:  mysqli_error() expects exactly 1 parameter, 0 given in /home/ubuntu/workspace/project/CS372GroupProject/admin.php on line 469
[30-Nov-2017 20:23:25 UTC] PHP Stack trace:
[30-Nov-2017 20:23:25 UTC] PHP   1. {main}() /home/ubuntu/workspace/project/CS372GroupProject/admin.php:0
[30-Nov-2017 20:23:25 UTC] PHP   2. mysqli_error() /home/ubuntu/workspace/project/CS372GroupProject/admin.php:469
[30-Nov-2017 20:23:37 UTC] PHP Warning:  mysqli_error() expects exactly 1 parameter, 0 given in /home/ubuntu/workspace/project/CS372GroupProject/admin.php on line 469
[30-Nov-2017 20:23:37 UTC] PHP Stack trace:
[30-Nov-2017 20:23:37 UTC] PHP   1. {main}() /home/ubuntu/workspace/project/CS372GroupProject/admin.php:0
[30-Nov-2017 20:23:37 UTC] PHP   2. mysqli_error() /home/ubuntu/workspace/project/CS372GroupProject/admin.php:469
[30-Nov-2017 20:24:00 UTC] PHP Warning:  mysqli_error() expects exactly 1 parameter, 0 given in /home/ubuntu/workspace/project/CS372GroupProject/admin.php on line 469
[30-Nov-2017 20:24:00 UTC] PHP Stack trace:
[30-Nov-2017 20:24:00 UTC] PHP   1. {main}() /home/ubuntu/workspace/project/CS372GroupProject/admin.php:0
[30-Nov-2017 20:24:00 UTC] PHP   2. mysqli_error() /home/ubuntu/workspace/project/CS372GroupProject/admin.php:469
[30-Nov-2017 20:24:30 UTC] PHP Warning:  mysqli_error() expects exactly 1 parameter, 0 given in /home/ubuntu/workspace/project/CS372GroupProject/admin.php on line 469
[30-Nov-2017 20:24:30 UTC] PHP Stack trace:
[30-Nov-2017 20:24:30 UTC] PHP   1. {main}() /home/ubuntu/workspace/project/CS372GroupProject/admin.php:0
[30-Nov-2017 20:24:30 UTC] PHP   2. mysqli_error() /home/ubuntu/workspace/project/CS372GroupProject/admin.php:469
[30-Nov-2017 20:25:25 UTC] PHP Warning:  mysqli_error() expects exactly 1 parameter, 0 given in /home/ubuntu/workspace/project/CS372GroupProject/admin.php on line 507
[30-Nov-2017 20:25:25 UTC] PHP Stack trace:
[30-Nov-2017 20:25:25 UTC] PHP   1. {main}() /home/ubuntu/workspace/project/CS372GroupProject/admin.php:0
[30-Nov-2017 20:25:25 UTC] PHP   2. mysqli_error() /home/ubuntu/workspace/project/CS372GroupProject/admin.php:507
[30-Nov-2017 20:25:47 UTC] PHP Warning:  mysqli_error() expects exactly 1 parameter, 0 given in /home/ubuntu/workspace/project/CS372GroupProject/admin.php on line 507
[30-Nov-2017 20:25:47 UTC] PHP Stack trace:
[30-Nov-2017 20:25:47 UTC] PHP   1. {main}() /home/ubuntu/workspace/project/CS372GroupProject/admin.php:0
[30-Nov-2017 20:25:47 UTC] PHP   2. mysqli_error() /home/ubuntu/workspace/project/CS372GroupProject/admin.php:507
[30-Nov-2017 20:55:33 UTC] PHP Fatal error:  Cannot redeclare dbConnect() (previously declared in /home/ubuntu/workspace/project/CS372GroupProject/database.php:3) in /home/ubuntu/workspace/project/CS372GroupProject/database.php on line 3
[30-Nov-2017 20:55:33 UTC] PHP Stack trace:
[30-Nov-2017 20:55:33 UTC] PHP   1. {main}() /home/ubuntu/workspace/project/CS372GroupProject/admin.php:0
[30-Nov-2017 22:25:31 UTC] PHP Parse error:  syntax error, unexpected '$connection' (T_VARIABLE) in /home/ubuntu/workspace/project/CS372GroupProject/contact.php on line 7
[30-Nov-2017 22:25:53 UTC] PHP Parse error:  syntax error, unexpected '' (T_ENCAPSED_AND_WHITESPACE), expecting identifier (T_STRING) or variable (T_VARIABLE) or number (T_NUM_STRING) in /home/ubuntu/workspace/project/CS372GroupProject/contact_form.php on line 23
[30-Nov-2017 22:25:53 UTC] PHP Stack trace:
[30-Nov-2017 22:25:53 UTC] PHP   1. {main}() /home/ubuntu/workspace/project/CS372GroupProject/contact.php:0
[30-Nov-2017 22:26:28 UTC] PHP Parse error:  syntax error, unexpected '' (T_ENCAPSED_AND_WHITESPACE), expecting identifier (T_STRING) or variable (T_VARIABLE) or number (T_NUM_STRING) in /home/ubuntu/workspace/project/CS372GroupProject/contact_form.php on line 23
[30-Nov-2017 22:26:28 UTC] PHP Stack trace:
[30-Nov-2017 22:26:28 UTC] PHP   1. {main}() /home/ubuntu/workspace/project/CS372GroupProject/contact.php:0
[01-Dec-2017 19:52:49 UTC] PHP Parse error:  syntax error, unexpected 'session_start' (T_STRING) in /home/ubuntu/workspace/project/CS372GroupProject/admin.php on line 6
[01-Dec-2017 19:52:55 UTC] PHP Parse error:  syntax error, unexpected 'session_start' (T_STRING) in /home/ubuntu/workspace/project/CS372GroupProject/admin.php on line 6
[01-Dec-2017 19:53:16 UTC] PHP Fatal error:  Call to a member function query() on a non-object in /home/ubuntu/workspace/project/CS372GroupProject/admin/forms/users_form.php on line 81
[01-Dec-2017 19:53:16 UTC] PHP Stack trace:
[01-Dec-2017 19:53:16 UTC] PHP   1. {main}() /home/ubuntu/workspace/project/CS372GroupProject/admin.php:0
[01-Dec-2017 19:53:16 UTC] PHP   2. insertUserTable() /home/ubuntu/workspace/project/CS372GroupProject/admin.php:765
[01-Dec-2017 19:53:16 UTC] PHP   3. printUserTable($query = *uninitialized*) /home/ubuntu/workspace/project/CS372GroupProject/admin/forms/users_form.php:35
[01-Dec-2017 19:54:32 UTC] PHP Fatal error:  Call to a member function query() on a non-object in /home/ubuntu/workspace/project/CS372GroupProject/admin/forms/users_form.php on line 82
[01-Dec-2017 19:54:32 UTC] PHP Stack trace:
[01-Dec-2017 19:54:32 UTC] PHP   1. {main}() /home/ubuntu/workspace/project/CS372GroupProject/admin.php:0
[01-Dec-2017 19:54:32 UTC] PHP   2. insertUserTable() /home/ubuntu/workspace/project/CS372GroupProject/admin.php:765
[01-Dec-2017 19:54:32 UTC] PHP   3. printUserTable($query = *uninitialized*) /home/ubuntu/workspace/project/CS372GroupProject/admin/forms/users_form.php:35
[01-Dec-2017 19:55:22 UTC] PHP Fatal error:  Call to a member function query() on a non-object in /home/ubuntu/workspace/project/CS372GroupProject/admin/forms/users_form.php on line 82
[01-Dec-2017 19:55:22 UTC] PHP Stack trace:
[01-Dec-2017 19:55:22 UTC] PHP   1. {main}() /home/ubuntu/workspace/project/CS372GroupProject/admin.php:0
[01-Dec-2017 19:55:22 UTC] PHP   2. insertUserTable() /home/ubuntu/workspace/project/CS372GroupProject/admin.php:765
[01-Dec-2017 19:55:22 UTC] PHP   3. printUserTable($query = *uninitialized*) /home/ubuntu/workspace/project/CS372GroupProject/admin/forms/users_form.php:35
[01-Dec-2017 19:55:59 UTC] PHP Fatal error:  Call to a member function query() on a non-object in /home/ubuntu/workspace/project/CS372GroupProject/admin/forms/users_form.php on line 82
[01-Dec-2017 19:55:59 UTC] PHP Stack trace:
[01-Dec-2017 19:55:59 UTC] PHP   1. {main}() /home/ubuntu/workspace/project/CS372GroupProject/admin.php:0
[01-Dec-2017 19:55:59 UTC] PHP   2. insertUserTable() /home/ubuntu/workspace/project/CS372GroupProject/admin.php:765
[01-Dec-2017 19:55:59 UTC] PHP   3. printUserTable($query = *uninitialized*) /home/ubuntu/workspace/project/CS372GroupProject/admin/forms/users_form.php:35
[01-Dec-2017 19:56:20 UTC] PHP Fatal error:  Call to a member function query() on a non-object in /home/ubuntu/workspace/project/CS372GroupProject/admin/forms/users_form.php on line 82
[01-Dec-2017 19:56:20 UTC] PHP Stack trace:
[01-Dec-2017 19:56:20 UTC] PHP   1. {main}() /home/ubuntu/workspace/project/CS372GroupProject/admin.php:0
[01-Dec-2017 19:56:20 UTC] PHP   2. insertUserTable() /home/ubuntu/workspace/project/CS372GroupProject/admin.php:765
[01-Dec-2017 19:56:20 UTC] PHP   3. printUserTable() /home/ubuntu/workspace/project/CS372GroupProject/admin/forms/users_form.php:35
[01-Dec-2017 19:56:54 UTC] PHP Fatal error:  Call to a member function query() on a non-object in /home/ubuntu/workspace/project/CS372GroupProject/admin/forms/users_form.php on line 83
[01-Dec-2017 19:56:54 UTC] PHP Stack trace:
[01-Dec-2017 19:56:54 UTC] PHP   1. {main}() /home/ubuntu/workspace/project/CS372GroupProject/admin.php:0
[01-Dec-2017 19:56:54 UTC] PHP   2. insertUserTable() /home/ubuntu/workspace/project/CS372GroupProject/admin.php:765
[01-Dec-2017 19:56:54 UTC] PHP   3. printUserTable() /home/ubuntu/workspace/project/CS372GroupProject/admin/forms/users_form.php:36
[01-Dec-2017 19:58:18 UTC] PHP Fatal error:  Call to a member function query() on a non-object in /home/ubuntu/workspace/project/CS372GroupProject/admin/forms/users_form.php on line 83
[01-Dec-2017 19:58:18 UTC] PHP Stack trace:
[01-Dec-2017 19:58:18 UTC] PHP   1. {main}() /home/ubuntu/workspace/project/CS372GroupProject/admin.php:0
[01-Dec-2017 19:58:18 UTC] PHP   2. insertUserTable() /home/ubuntu/workspace/project/CS372GroupProject/admin.php:765
[01-Dec-2017 19:58:18 UTC] PHP   3. printUserTable() /home/ubuntu/workspace/project/CS372GroupProject/admin/forms/users_form.php:36
[01-Dec-2017 19:59:44 UTC] PHP Fatal error:  Call to a member function query() on a non-object in /home/ubuntu/workspace/project/CS372GroupProject/admin/forms/users_form.php on line 83
[01-Dec-2017 19:59:44 UTC] PHP Stack trace:
[01-Dec-2017 19:59:44 UTC] PHP   1. {main}() /home/ubuntu/workspace/project/CS372GroupProject/admin.php:0
[01-Dec-2017 19:59:44 UTC] PHP   2. insertUserTable() /home/ubuntu/workspace/project/CS372GroupProject/admin.php:765
[01-Dec-2017 19:59:44 UTC] PHP   3. printUserTable($query = *uninitialized*) /home/ubuntu/workspace/project/CS372GroupProject/admin/forms/users_form.php:36
[01-Dec-2017 21:44:10 UTC] PHP Warning:  require_once(../../db_connect.php): failed to open stream: No such file or directory in /home/ubuntu/workspace/project/CS372GroupProject/admin/forms/users_form.php on line 2
[01-Dec-2017 21:44:10 UTC] PHP Stack trace:
[01-Dec-2017 21:44:10 UTC] PHP   1. {main}() /home/ubuntu/workspace/project/CS372GroupProject/admin.php:0
[01-Dec-2017 21:44:10 UTC] PHP   2. require_once() /home/ubuntu/workspace/project/CS372GroupProject/admin.php:5
[01-Dec-2017 21:44:10 UTC] PHP Fatal error:  require_once(): Failed opening required '../../db_connect.php' (include_path='.:/usr/share/php:/usr/share/pear') in /home/ubuntu/workspace/project/CS372GroupProject/admin/forms/users_form.php on line 2
[01-Dec-2017 21:44:10 UTC] PHP Stack trace:
[01-Dec-2017 21:44:10 UTC] PHP   1. {main}() /home/ubuntu/workspace/project/CS372GroupProject/admin.php:0
[01-Dec-2017 21:44:10 UTC] PHP   2. require_once() /home/ubuntu/workspace/project/CS372GroupProject/admin.php:5
[01-Dec-2017 21:47:24 UTC] PHP Warning:  require_once(../../db_connect.php): failed to open stream: No such file or directory in /home/ubuntu/workspace/project/CS372GroupProject/admin/forms/users_form.php on line 2
[01-Dec-2017 21:47:24 UTC] PHP Stack trace:
[01-Dec-2017 21:47:24 UTC] PHP   1. {main}() /home/ubuntu/workspace/project/CS372GroupProject/admin.php:0
[01-Dec-2017 21:47:24 UTC] PHP   2. require_once() /home/ubuntu/workspace/project/CS372GroupProject/admin.php:5
[01-Dec-2017 21:47:24 UTC] PHP Fatal error:  require_once(): Failed opening required '../../db_connect.php' (include_path='.:/usr/share/php:/usr/share/pear') in /home/ubuntu/workspace/project/CS372GroupProject/admin/forms/users_form.php on line 2
[01-Dec-2017 21:47:24 UTC] PHP Stack trace:
[01-Dec-2017 21:47:24 UTC] PHP   1. {main}() /home/ubuntu/workspace/project/CS372GroupProject/admin.php:0
[01-Dec-2017 21:47:24 UTC] PHP   2. require_once() /home/ubuntu/workspace/project/CS372GroupProject/admin.php:5
[01-Dec-2017 21:48:24 UTC] PHP Warning:  require_once(../../db_connect.php): failed to open stream: No such file or directory in /home/ubuntu/workspace/project/CS372GroupProject/admin/forms/users_form.php on line 2
[01-Dec-2017 21:48:24 UTC] PHP Stack trace:
[01-Dec-2017 21:48:24 UTC] PHP   1. {main}() /home/ubuntu/workspace/project/CS372GroupProject/admin.php:0
[01-Dec-2017 21:48:24 UTC] PHP   2. require_once() /home/ubuntu/workspace/project/CS372GroupProject/admin.php:5
[01-Dec-2017 21:48:24 UTC] PHP Fatal error:  require_once(): Failed opening required '../../db_connect.php' (include_path='.:/usr/share/php:/usr/share/pear') in /home/ubuntu/workspace/project/CS372GroupProject/admin/forms/users_form.php on line 2
[01-Dec-2017 21:48:24 UTC] PHP Stack trace:
[01-Dec-2017 21:48:24 UTC] PHP   1. {main}() /home/ubuntu/workspace/project/CS372GroupProject/admin.php:0
[01-Dec-2017 21:48:24 UTC] PHP   2. require_once() /home/ubuntu/workspace/project/CS372GroupProject/admin.php:5
[03-Dec-2017 16:56:56 UTC] PHP Warning:  file_get_contents(): Filename cannot be empty in /home/ubuntu/workspace/project/CS372GroupProject/database.php on line 66
[03-Dec-2017 16:56:56 UTC] PHP Stack trace:
[03-Dec-2017 16:56:56 UTC] PHP   1. {main}() /home/ubuntu/workspace/project/CS372GroupProject/ur-user.php:0
[03-Dec-2017 16:56:56 UTC] PHP   2. addFile() /home/ubuntu/workspace/project/CS372GroupProject/ur-user.php:86
[03-Dec-2017 16:56:56 UTC] PHP   3. file_get_contents() /home/ubuntu/workspace/project/CS372GroupProject/database.php:66
[03-Dec-2017 17:05:48 UTC] PHP Warning:  file_get_contents(): Filename cannot be empty in /home/ubuntu/workspace/project/CS372GroupProject/database.php on line 66
[03-Dec-2017 17:05:48 UTC] PHP Stack trace:
[03-Dec-2017 17:05:48 UTC] PHP   1. {main}() /home/ubuntu/workspace/project/CS372GroupProject/ur-user.php:0
[03-Dec-2017 17:05:48 UTC] PHP   2. addFile() /home/ubuntu/workspace/project/CS372GroupProject/ur-user.php:86
[03-Dec-2017 17:05:48 UTC] PHP   3. file_get_contents() /home/ubuntu/workspace/project/CS372GroupProject/database.php:66
[04-Dec-2017 11:10:53 UTC] PHP Parse error:  syntax error, unexpected 'echo' (T_ECHO), expecting ',' or ';' in /home/ubuntu/workspace/project/CS372GroupProject/admin.php on line 619
[04-Dec-2017 18:55:35 UTC] PHP Warning:  file_get_contents(): Filename cannot be empty in /home/ubuntu/workspace/project/CS372GroupProject/database.php on line 66
[04-Dec-2017 18:55:35 UTC] PHP Stack trace:
[04-Dec-2017 18:55:35 UTC] PHP   1. {main}() /home/ubuntu/workspace/project/CS372GroupProject/ur-user.php:0
[04-Dec-2017 18:55:35 UTC] PHP   2. addFile() /home/ubuntu/workspace/project/CS372GroupProject/ur-user.php:86
[04-Dec-2017 18:55:35 UTC] PHP   3. file_get_contents() /home/ubuntu/workspace/project/CS372GroupProject/database.php:66
[04-Dec-2017 18:56:54 UTC] PHP Warning:  file_get_contents(): Filename cannot be empty in /home/ubuntu/workspace/project/CS372GroupProject/database.php on line 66
[04-Dec-2017 18:56:54 UTC] PHP Stack trace:
[04-Dec-2017 18:56:54 UTC] PHP   1. {main}() /home/ubuntu/workspace/project/CS372GroupProject/ur-user.php:0
[04-Dec-2017 18:56:54 UTC] PHP   2. addFile() /home/ubuntu/workspace/project/CS372GroupProject/ur-user.php:86
[04-Dec-2017 18:56:54 UTC] PHP   3. file_get_contents() /home/ubuntu/workspace/project/CS372GroupProject/database.php:66
[04-Dec-2017 19:06:44 UTC] PHP Warning:  file_get_contents(): Filename cannot be empty in /home/ubuntu/workspace/project/CS372GroupProject/database.php on line 66
[04-Dec-2017 19:06:44 UTC] PHP Stack trace:
[04-Dec-2017 19:06:44 UTC] PHP   1. {main}() /home/ubuntu/workspace/project/CS372GroupProject/ur-user.php:0
[04-Dec-2017 19:06:44 UTC] PHP   2. addFile() /home/ubuntu/workspace/project/CS372GroupProject/ur-user.php:86
[04-Dec-2017 19:06:44 UTC] PHP   3. file_get_contents() /home/ubuntu/workspace/project/CS372GroupProject/database.php:66
[05-Dec-2017 19:07:34 UTC] PHP Fatal error:  Call to a member function real_escape_string() on a non-object in /home/ubuntu/workspace/project/CS372GroupProject/admin.php on line 628
[05-Dec-2017 19:07:34 UTC] PHP Stack trace:
[05-Dec-2017 19:07:34 UTC] PHP   1. {main}() /home/ubuntu/workspace/project/CS372GroupProject/admin.php:0
[05-Dec-2017 20:25:47 UTC] PHP Warning:  require_once(../../db_connect.php): failed to open stream: No such file or directory in /home/ubuntu/workspace/project/CS372GroupProject/admin/forms/home_form.php on line 3
[05-Dec-2017 20:25:47 UTC] PHP Stack trace:
[05-Dec-2017 20:25:47 UTC] PHP   1. {main}() /home/ubuntu/workspace/project/CS372GroupProject/admin.php:0
[05-Dec-2017 20:25:47 UTC] PHP   2. require_once() /home/ubuntu/workspace/project/CS372GroupProject/admin.php:5
[05-Dec-2017 20:25:47 UTC] PHP Fatal error:  require_once(): Failed opening required '../../db_connect.php' (include_path='.:/usr/share/php:/usr/share/pear') in /home/ubuntu/workspace/project/CS372GroupProject/admin/forms/home_form.php on line 3
[05-Dec-2017 20:25:47 UTC] PHP Stack trace:
[05-Dec-2017 20:25:47 UTC] PHP   1. {main}() /home/ubuntu/workspace/project/CS372GroupProject/admin.php:0
[05-Dec-2017 20:25:47 UTC] PHP   2. require_once() /home/ubuntu/workspace/project/CS372GroupProject/admin.php:5
[05-Dec-2017 20:26:21 UTC] PHP Warning:  require_once(../../db_connect.php): failed to open stream: No such file or directory in /home/ubuntu/workspace/project/CS372GroupProject/admin/forms/home_form.php on line 3
[05-Dec-2017 20:26:21 UTC] PHP Stack trace:
[05-Dec-2017 20:26:21 UTC] PHP   1. {main}() /home/ubuntu/workspace/project/CS372GroupProject/admin.php:0
[05-Dec-2017 20:26:21 UTC] PHP   2. require_once() /home/ubuntu/workspace/project/CS372GroupProject/admin.php:5
[05-Dec-2017 20:26:21 UTC] PHP Fatal error:  require_once(): Failed opening required '../../db_connect.php' (include_path='.:/usr/share/php:/usr/share/pear') in /home/ubuntu/workspace/project/CS372GroupProject/admin/forms/home_form.php on line 3
[05-Dec-2017 20:26:21 UTC] PHP Stack trace:
[05-Dec-2017 20:26:21 UTC] PHP   1. {main}() /home/ubuntu/workspace/project/CS372GroupProject/admin.php:0
[05-Dec-2017 20:26:21 UTC] PHP   2. require_once() /home/ubuntu/workspace/project/CS372GroupProject/admin.php:5
[05-Dec-2017 20:27:04 UTC] PHP Warning:  require_once(../../db_connect.php): failed to open stream: No such file or directory in /home/ubuntu/workspace/project/CS372GroupProject/admin/forms/home_form.php on line 3
[05-Dec-2017 20:27:04 UTC] PHP Stack trace:
[05-Dec-2017 20:27:04 UTC] PHP   1. {main}() /home/ubuntu/workspace/project/CS372GroupProject/admin.php:0
[05-Dec-2017 20:27:04 UTC] PHP   2. require_once() /home/ubuntu/workspace/project/CS372GroupProject/admin.php:5
[05-Dec-2017 20:27:04 UTC] PHP Fatal error:  require_once(): Failed opening required '../../db_connect.php' (include_path='.:/usr/share/php:/usr/share/pear') in /home/ubuntu/workspace/project/CS372GroupProject/admin/forms/home_form.php on line 3
[05-Dec-2017 20:27:04 UTC] PHP Stack trace:
[05-Dec-2017 20:27:04 UTC] PHP   1. {main}() /home/ubuntu/workspace/project/CS372GroupProject/admin.php:0
[05-Dec-2017 20:27:04 UTC] PHP   2. require_once() /home/ubuntu/workspace/project/CS372GroupProject/admin.php:5
[05-Dec-2017 20:48:31 UTC] PHP Warning:  session_start(): Cannot send session cache limiter - headers already sent (output started at /home/ubuntu/workspace/project/CS372GroupProject/admin/forms/home_form.php:319) in /home/ubuntu/workspace/project/CS372GroupProject/admin.php on line 6
[05-Dec-2017 20:48:31 UTC] PHP Stack trace:
[05-Dec-2017 20:48:31 UTC] PHP   1. {main}() /home/ubuntu/workspace/project/CS372GroupProject/admin.php:0
[05-Dec-2017 20:48:31 UTC] PHP   2. session_start() /home/ubuntu/workspace/project/CS372GroupProject/admin.php:6
[05-Dec-2017 20:52:02 UTC] PHP Warning:  session_start(): Cannot send session cache limiter - headers already sent (output started at /home/ubuntu/workspace/project/CS372GroupProject/admin/forms/home_form.php:319) in /home/ubuntu/workspace/project/CS372GroupProject/admin.php on line 6
[05-Dec-2017 20:52:02 UTC] PHP Stack trace:
[05-Dec-2017 20:52:02 UTC] PHP   1. {main}() /home/ubuntu/workspace/project/CS372GroupProject/admin.php:0
[05-Dec-2017 20:52:02 UTC] PHP   2. session_start() /home/ubuntu/workspace/project/CS372GroupProject/admin.php:6
[06-Dec-2017 01:07:52 UTC] PHP Fatal error:  Call to undefined function dbConnect() in /home/ubuntu/workspace/project/CS372GroupProject/login.php on line 20
[06-Dec-2017 01:07:52 UTC] PHP Stack trace:
[06-Dec-2017 01:07:52 UTC] PHP   1. {main}() /home/ubuntu/workspace/project/CS372GroupProject/login.php:0
[06-Dec-2017 01:10:25 UTC] PHP Parse error:  syntax error, unexpected ')' in /home/ubuntu/workspace/project/CS372GroupProject/database.php on line 108
[06-Dec-2017 01:10:25 UTC] PHP Stack trace:
[06-Dec-2017 01:10:25 UTC] PHP   1. {main}() /home/ubuntu/workspace/project/CS372GroupProject/login.php:0
[06-Dec-2017 01:10:39 UTC] PHP Parse error:  syntax error, unexpected ')' in /home/ubuntu/workspace/project/CS372GroupProject/database.php on line 108
[06-Dec-2017 01:10:39 UTC] PHP Stack trace:
[06-Dec-2017 01:10:39 UTC] PHP   1. {main}() /home/ubuntu/workspace/project/CS372GroupProject/login.php:0
[06-Dec-2017 01:10:44 UTC] PHP Parse error:  syntax error, unexpected ')' in /home/ubuntu/workspace/project/CS372GroupProject/database.php on line 108
[06-Dec-2017 01:10:44 UTC] PHP Stack trace:
[06-Dec-2017 01:10:44 UTC] PHP   1. {main}() /home/ubuntu/workspace/project/CS372GroupProject/login.php:0
[06-Dec-2017 01:23:24 UTC] PHP Parse error:  syntax error, unexpected '<<' (T_SL) in /home/ubuntu/workspace/project/CS372GroupProject/database.php on line 111
[06-Dec-2017 01:23:24 UTC] PHP Stack trace:
[06-Dec-2017 01:23:24 UTC] PHP   1. {main}() /home/ubuntu/workspace/project/CS372GroupProject/login.php:0
